{"C:\\Users\\OT SAMA\\Desktop\\microverse\\module 2\\pair programming\\todo-list\\src\\modules\\task.js": {"path":"C:\\Users\\OT SAMA\\Desktop\\microverse\\module 2\\pair programming\\todo-list\\src\\modules\\task.js","statementMap":{"0":{"start":{"line":3,"column":4},"end":{"line":3,"column":35}},"1":{"start":{"line":4,"column":4},"end":{"line":4,"column":25}},"2":{"start":{"line":5,"column":4},"end":{"line":5,"column":23}},"3":{"start":{"line":9,"column":4},"end":{"line":9,"column":33}},"4":{"start":{"line":13,"column":4},"end":{"line":13,"column":35}}},"fnMap":{"0":{"name":"(anonymous_0)","decl":{"start":{"line":2,"column":2},"end":{"line":2,"column":3}},"loc":{"start":{"line":2,"column":34},"end":{"line":6,"column":3}},"line":2},"1":{"name":"(anonymous_1)","decl":{"start":{"line":8,"column":2},"end":{"line":8,"column":3}},"loc":{"start":{"line":8,"column":10},"end":{"line":10,"column":3}},"line":8},"2":{"name":"(anonymous_2)","decl":{"start":{"line":12,"column":2},"end":{"line":12,"column":3}},"loc":{"start":{"line":12,"column":33},"end":{"line":14,"column":3}},"line":12}},"branchMap":{},"s":{"0":3,"1":3,"2":3,"3":1,"4":1},"f":{"0":3,"1":1,"2":1},"b":{},"_coverageSchema":"1a1c01bbd47fc00a2c39e90264f33305004495a9","hash":"cd6f8f5bac76129801d673481d544ad8bf025bf8"}
,"C:\\Users\\OT SAMA\\Desktop\\microverse\\module 2\\pair programming\\todo-list\\src\\modules\\todo-list.js": {"path":"C:\\Users\\OT SAMA\\Desktop\\microverse\\module 2\\pair programming\\todo-list\\src\\modules\\todo-list.js","statementMap":{"0":{"start":{"line":3,"column":4},"end":{"line":3,"column":20}},"1":{"start":{"line":7,"column":4},"end":{"line":7,"column":26}},"2":{"start":{"line":8,"column":4},"end":{"line":8,"column":27}},"3":{"start":{"line":9,"column":4},"end":{"line":9,"column":62}},"4":{"start":{"line":13,"column":4},"end":{"line":13,"column":22}},"5":{"start":{"line":17,"column":18},"end":{"line":17,"column":32}},"6":{"start":{"line":18,"column":4},"end":{"line":18,"column":32}},"7":{"start":{"line":19,"column":4},"end":{"line":19,"column":28}},"8":{"start":{"line":20,"column":4},"end":{"line":20,"column":62}},"9":{"start":{"line":21,"column":4},"end":{"line":21,"column":18}},"10":{"start":{"line":25,"column":17},"end":{"line":25,"column":48}},"11":{"start":{"line":26,"column":16},"end":{"line":26,"column":45}},"12":{"start":{"line":27,"column":4},"end":{"line":27,"column":27}},"13":{"start":{"line":30,"column":14},"end":{"line":30,"column":45}},"14":{"start":{"line":31,"column":4},"end":{"line":31,"column":31}},"15":{"start":{"line":32,"column":4},"end":{"line":32,"column":25}},"16":{"start":{"line":33,"column":4},"end":{"line":33,"column":20}},"17":{"start":{"line":36,"column":18},"end":{"line":36,"column":49}},"18":{"start":{"line":37,"column":4},"end":{"line":37,"column":36}},"19":{"start":{"line":38,"column":4},"end":{"line":38,"column":28}},"20":{"start":{"line":39,"column":4},"end":{"line":39,"column":33}},"21":{"start":{"line":40,"column":4},"end":{"line":45,"column":7}},"22":{"start":{"line":41,"column":6},"end":{"line":41,"column":15}},"23":{"start":{"line":42,"column":6},"end":{"line":42,"column":51}},"24":{"start":{"line":43,"column":6},"end":{"line":43,"column":36}},"25":{"start":{"line":44,"column":6},"end":{"line":44,"column":64}},"26":{"start":{"line":47,"column":4},"end":{"line":47,"column":27}},"27":{"start":{"line":48,"column":4},"end":{"line":48,"column":23}},"28":{"start":{"line":51,"column":20},"end":{"line":51,"column":47}},"29":{"start":{"line":52,"column":4},"end":{"line":52,"column":56}},"30":{"start":{"line":53,"column":4},"end":{"line":53,"column":45}},"31":{"start":{"line":54,"column":4},"end":{"line":54,"column":29}},"32":{"start":{"line":57,"column":15},"end":{"line":57,"column":42}},"33":{"start":{"line":58,"column":4},"end":{"line":58,"column":47}},"34":{"start":{"line":59,"column":4},"end":{"line":59,"column":30}},"35":{"start":{"line":60,"column":4},"end":{"line":60,"column":31}},"36":{"start":{"line":61,"column":4},"end":{"line":61,"column":21}},"37":{"start":{"line":62,"column":4},"end":{"line":64,"column":7}},"38":{"start":{"line":63,"column":6},"end":{"line":63,"column":24}},"39":{"start":{"line":65,"column":4},"end":{"line":65,"column":24}},"40":{"start":{"line":67,"column":4},"end":{"line":67,"column":26}},"41":{"start":{"line":69,"column":4},"end":{"line":75,"column":7}},"42":{"start":{"line":70,"column":6},"end":{"line":74,"column":7}},"43":{"start":{"line":71,"column":8},"end":{"line":71,"column":72}},"44":{"start":{"line":72,"column":8},"end":{"line":72,"column":66}},"45":{"start":{"line":73,"column":8},"end":{"line":73,"column":17}},"46":{"start":{"line":77,"column":4},"end":{"line":82,"column":7}},"47":{"start":{"line":78,"column":6},"end":{"line":78,"column":38}},"48":{"start":{"line":79,"column":6},"end":{"line":79,"column":32}},"49":{"start":{"line":80,"column":6},"end":{"line":80,"column":39}},"50":{"start":{"line":81,"column":6},"end":{"line":81,"column":37}},"51":{"start":{"line":84,"column":4},"end":{"line":89,"column":7}},"52":{"start":{"line":85,"column":6},"end":{"line":85,"column":39}},"53":{"start":{"line":86,"column":6},"end":{"line":86,"column":37}},"54":{"start":{"line":87,"column":6},"end":{"line":87,"column":37}},"55":{"start":{"line":88,"column":6},"end":{"line":88,"column":33}},"56":{"start":{"line":91,"column":4},"end":{"line":93,"column":7}},"57":{"start":{"line":92,"column":6},"end":{"line":92,"column":16}},"58":{"start":{"line":97,"column":4},"end":{"line":99,"column":5}},"59":{"start":{"line":97,"column":17},"end":{"line":97,"column":22}},"60":{"start":{"line":98,"column":6},"end":{"line":98,"column":31}},"61":{"start":{"line":103,"column":17},"end":{"line":103,"column":48}},"62":{"start":{"line":104,"column":4},"end":{"line":104,"column":24}},"63":{"start":{"line":105,"column":4},"end":{"line":107,"column":7}},"64":{"start":{"line":106,"column":6},"end":{"line":106,"column":29}},"65":{"start":{"line":111,"column":4},"end":{"line":111,"column":20}},"66":{"start":{"line":112,"column":4},"end":{"line":112,"column":62}},"67":{"start":{"line":113,"column":4},"end":{"line":113,"column":18}},"68":{"start":{"line":117,"column":22},"end":{"line":117,"column":72}},"69":{"start":{"line":117,"column":50},"end":{"line":117,"column":71}},"70":{"start":{"line":118,"column":4},"end":{"line":120,"column":7}},"71":{"start":{"line":119,"column":6},"end":{"line":119,"column":24}}},"fnMap":{"0":{"name":"(anonymous_0)","decl":{"start":{"line":2,"column":2},"end":{"line":2,"column":3}},"loc":{"start":{"line":2,"column":16},"end":{"line":4,"column":3}},"line":2},"1":{"name":"(anonymous_1)","decl":{"start":{"line":6,"column":2},"end":{"line":6,"column":3}},"loc":{"start":{"line":6,"column":12},"end":{"line":10,"column":3}},"line":6},"2":{"name":"(anonymous_2)","decl":{"start":{"line":12,"column":2},"end":{"line":12,"column":3}},"loc":{"start":{"line":12,"column":8},"end":{"line":14,"column":3}},"line":12},"3":{"name":"(anonymous_3)","decl":{"start":{"line":16,"column":2},"end":{"line":16,"column":3}},"loc":{"start":{"line":16,"column":15},"end":{"line":22,"column":3}},"line":16},"4":{"name":"(anonymous_4)","decl":{"start":{"line":24,"column":2},"end":{"line":24,"column":3}},"loc":{"start":{"line":24,"column":20},"end":{"line":94,"column":3}},"line":24},"5":{"name":"(anonymous_5)","decl":{"start":{"line":40,"column":37},"end":{"line":40,"column":38}},"loc":{"start":{"line":40,"column":43},"end":{"line":45,"column":5}},"line":40},"6":{"name":"(anonymous_6)","decl":{"start":{"line":62,"column":37},"end":{"line":62,"column":38}},"loc":{"start":{"line":62,"column":43},"end":{"line":64,"column":5}},"line":62},"7":{"name":"(anonymous_7)","decl":{"start":{"line":69,"column":34},"end":{"line":69,"column":35}},"loc":{"start":{"line":69,"column":41},"end":{"line":75,"column":5}},"line":69},"8":{"name":"(anonymous_8)","decl":{"start":{"line":77,"column":31},"end":{"line":77,"column":32}},"loc":{"start":{"line":77,"column":37},"end":{"line":82,"column":5}},"line":77},"9":{"name":"(anonymous_9)","decl":{"start":{"line":84,"column":32},"end":{"line":84,"column":33}},"loc":{"start":{"line":84,"column":38},"end":{"line":89,"column":5}},"line":84},"10":{"name":"(anonymous_10)","decl":{"start":{"line":91,"column":34},"end":{"line":91,"column":35}},"loc":{"start":{"line":91,"column":40},"end":{"line":93,"column":5}},"line":91},"11":{"name":"(anonymous_11)","decl":{"start":{"line":96,"column":2},"end":{"line":96,"column":3}},"loc":{"start":{"line":96,"column":21},"end":{"line":100,"column":3}},"line":96},"12":{"name":"(anonymous_12)","decl":{"start":{"line":102,"column":2},"end":{"line":102,"column":3}},"loc":{"start":{"line":102,"column":11},"end":{"line":108,"column":3}},"line":102},"13":{"name":"(anonymous_13)","decl":{"start":{"line":105,"column":23},"end":{"line":105,"column":24}},"loc":{"start":{"line":105,"column":33},"end":{"line":107,"column":5}},"line":105},"14":{"name":"(anonymous_14)","decl":{"start":{"line":110,"column":2},"end":{"line":110,"column":3}},"loc":{"start":{"line":110,"column":10},"end":{"line":114,"column":3}},"line":110},"15":{"name":"(anonymous_15)","decl":{"start":{"line":116,"column":2},"end":{"line":116,"column":3}},"loc":{"start":{"line":116,"column":19},"end":{"line":121,"column":3}},"line":116},"16":{"name":"(anonymous_16)","decl":{"start":{"line":117,"column":40},"end":{"line":117,"column":41}},"loc":{"start":{"line":117,"column":50},"end":{"line":117,"column":71}},"line":117},"17":{"name":"(anonymous_17)","decl":{"start":{"line":118,"column":22},"end":{"line":118,"column":23}},"loc":{"start":{"line":118,"column":32},"end":{"line":120,"column":5}},"line":118}},"branchMap":{"0":{"loc":{"start":{"line":70,"column":6},"end":{"line":74,"column":7}},"type":"if","locations":[{"start":{"line":70,"column":6},"end":{"line":74,"column":7}},{"start":{},"end":{}}],"line":70},"1":{"loc":{"start":{"line":70,"column":10},"end":{"line":70,"column":45}},"type":"binary-expr","locations":[{"start":{"line":70,"column":10},"end":{"line":70,"column":27}},{"start":{"line":70,"column":31},"end":{"line":70,"column":45}}],"line":70}},"s":{"0":2,"1":4,"2":4,"3":4,"4":0,"5":2,"6":2,"7":2,"8":2,"9":2,"10":6,"11":6,"12":6,"13":6,"14":6,"15":6,"16":6,"17":6,"18":6,"19":6,"20":6,"21":6,"22":0,"23":0,"24":0,"25":0,"26":6,"27":6,"28":6,"29":6,"30":6,"31":6,"32":6,"33":6,"34":6,"35":6,"36":6,"37":6,"38":0,"39":6,"40":6,"41":6,"42":0,"43":0,"44":0,"45":0,"46":6,"47":0,"48":0,"49":0,"50":0,"51":6,"52":0,"53":0,"54":0,"55":0,"56":6,"57":0,"58":2,"59":2,"60":2,"61":2,"62":2,"63":2,"64":2,"65":0,"66":0,"67":0,"68":1,"69":3,"70":1,"71":1},"f":{"0":2,"1":4,"2":0,"3":2,"4":6,"5":0,"6":0,"7":0,"8":0,"9":0,"10":0,"11":2,"12":2,"13":2,"14":0,"15":1,"16":3,"17":1},"b":{"0":[0,0],"1":[0,0]},"_coverageSchema":"1a1c01bbd47fc00a2c39e90264f33305004495a9","hash":"284d962d374dee096c5bacc5c346295e0f380059"}
}
