TN:
SF:src\modules\task.js
FN:2,(anonymous_0)
FN:8,(anonymous_1)
FN:12,(anonymous_2)
FNF:3
FNH:3
FNDA:3,(anonymous_0)
FNDA:1,(anonymous_1)
FNDA:1,(anonymous_2)
DA:3,3
DA:4,3
DA:5,3
DA:9,1
DA:13,1
LF:5
LH:5
BRF:0
BRH:0
end_of_record
TN:
SF:src\modules\todo-list.js
FN:2,(anonymous_0)
FN:6,(anonymous_1)
FN:12,(anonymous_2)
FN:16,(anonymous_3)
FN:24,(anonymous_4)
FN:40,(anonymous_5)
FN:62,(anonymous_6)
FN:69,(anonymous_7)
FN:77,(anonymous_8)
FN:84,(anonymous_9)
FN:91,(anonymous_10)
FN:96,(anonymous_11)
FN:102,(anonymous_12)
FN:105,(anonymous_13)
FN:110,(anonymous_14)
FN:116,(anonymous_15)
FN:117,(anonymous_16)
FN:118,(anonymous_17)
FNF:18
FNH:10
FNDA:2,(anonymous_0)
FNDA:4,(anonymous_1)
FNDA:0,(anonymous_2)
FNDA:2,(anonymous_3)
FNDA:6,(anonymous_4)
FNDA:0,(anonymous_5)
FNDA:0,(anonymous_6)
FNDA:0,(anonymous_7)
FNDA:0,(anonymous_8)
FNDA:0,(anonymous_9)
FNDA:0,(anonymous_10)
FNDA:2,(anonymous_11)
FNDA:2,(anonymous_12)
FNDA:2,(anonymous_13)
FNDA:0,(anonymous_14)
FNDA:1,(anonymous_15)
FNDA:3,(anonymous_16)
FNDA:1,(anonymous_17)
DA:3,2
DA:7,4
DA:8,4
DA:9,4
DA:13,0
DA:17,2
DA:18,2
DA:19,2
DA:20,2
DA:21,2
DA:25,6
DA:26,6
DA:27,6
DA:30,6
DA:31,6
DA:32,6
DA:33,6
DA:36,6
DA:37,6
DA:38,6
DA:39,6
DA:40,6
DA:41,0
DA:42,0
DA:43,0
DA:44,0
DA:47,6
DA:48,6
DA:51,6
DA:52,6
DA:53,6
DA:54,6
DA:57,6
DA:58,6
DA:59,6
DA:60,6
DA:61,6
DA:62,6
DA:63,0
DA:65,6
DA:67,6
DA:69,6
DA:70,0
DA:71,0
DA:72,0
DA:73,0
DA:77,6
DA:78,0
DA:79,0
DA:80,0
DA:81,0
DA:84,6
DA:85,0
DA:86,0
DA:87,0
DA:88,0
DA:91,6
DA:92,0
DA:97,2
DA:98,2
DA:103,2
DA:104,2
DA:105,2
DA:106,2
DA:111,0
DA:112,0
DA:113,0
DA:117,3
DA:118,1
DA:119,1
LF:70
LH:48
BRDA:70,0,0,0
BRDA:70,0,1,0
BRDA:70,1,0,0
BRDA:70,1,1,0
BRF:4
BRH:0
end_of_record
